[2025-06-25 10:15:26] Logging aktiviert. Log-Dateien werden gespeichert in: C:\Users\Schreibtisch\Desktop\Python\hotfolder_pdf_processor\logs
[2025-06-25 10:15:26] Aktuelle Log-Datei: hotfolder_2025-06-25.log
[2025-06-25 10:15:27] Überwachung gestartet für: Hotfolder Test
[2025-06-25 10:15:27] Hotfolder-Manager gestartet
[2025-06-25 10:15:44] Neue Datei erkannt: C:/Users/Schreibtisch/Desktop/Hotfolder Test/Input\f9245a5b-4829-425b-a6c1-46002e9838d7.pdf
[2025-06-25 10:15:44] Neue Datei erkannt: C:/Users/Schreibtisch/Desktop/Hotfolder Test/Input\f9245a5b-4829-425b-a6c1-46002e9838d7.xml
[2025-06-25 10:16:00] Erfolgreich verarbeitet: f9245a5b-4829-425b-a6c1-46002e9838d7
[2025-06-25 10:16:00] Datei erfolgreich verarbeitet: f9245a5b-4829-425b-a6c1-46002e9838d7.pdf
[2025-06-25 10:17:34] Überwachung gestoppt für Hotfolder ID: d825fe0a-d616-4bdb-9518-0ac521354d82
[2025-06-25 10:17:34] Überwachung gestartet für: Hotfolder Test
[2025-06-25 10:20:27] Führe periodischen Rescan durch (alle 300 Sekunden)...
[2025-06-25 10:20:27] Rescanne Hotfolder: Hotfolder Test
[2025-06-25 10:20:27] Fehler im Rescan-Loop: 'FileWatcher' object has no attribute 'rescan_hotfolder'
[2025-06-25 10:20:57] Neue Datei erkannt: C:/Users/Schreibtisch/Desktop/Hotfolder Test/Input\f9245a5b-4829-425b-a6c1-46002e9838d7.pdf
[2025-06-25 10:20:57] Neue Datei erkannt: C:/Users/Schreibtisch/Desktop/Hotfolder Test/Input\f9245a5b-4829-425b-a6c1-46002e9838d7.xml
[2025-06-25 10:21:10] Erfolgreich verarbeitet: f9245a5b-4829-425b-a6c1-46002e9838d7
[2025-06-25 10:21:10] Datei erfolgreich verarbeitet: f9245a5b-4829-425b-a6c1-46002e9838d7.pdf
[2025-06-25 10:21:27] Führe periodischen Rescan durch (alle 300 Sekunden)...
[2025-06-25 10:21:27] Rescanne Hotfolder: Hotfolder Test
[2025-06-25 10:21:27] Fehler im Rescan-Loop: 'FileWatcher' object has no attribute 'rescan_hotfolder'
[2025-06-25 10:22:27] Führe periodischen Rescan durch (alle 300 Sekunden)...
[2025-06-25 10:22:27] Rescanne Hotfolder: Hotfolder Test
[2025-06-25 10:22:27] Fehler im Rescan-Loop: 'FileWatcher' object has no attribute 'rescan_hotfolder'
